<?xml version="1.0" encoding="utf-8"?><testsuites name="pytest tests"><testsuite name="pytest" errors="0" failures="0" skipped="0" tests="15" time="5.321" timestamp="2026-07-12T08:51:48.871174+00:00" hostname="agent-env-4d2e7cbb-0315-4833-9258-f167f7977b52"><testcase classname="tests.backend_test" name="test_health" time="0.299" /><testcase classname="tests.backend_test" name="test_list_analyses_includes_demo" time="0.051" /><testcase classname="tests.backend_test" name="test_get_demo_analysis_shape" time="0.050" /><testcase classname="tests.backend_test" name="test_get_demo_preview_png" time="0.049" /><testcase classname="tests.backend_test" name="test_get_demo_report_pdf" time="0.101" /><testcase classname="tests.backend_test" name="test_update_demo_analysis" time="0.145" /><testcase classname="tests.backend_test" name="test_analyze_unsupported_file_type" time="0.047" /><testcase classname="tests.backend_test" name="test_analyze_valid_png_expected_budget_error" time="4.009" /><testcase classname="tests.backend_test" name="test_delete_nonexistent_returns_404" time="0.047" /><testcase classname="tests.backend_test.TestCalibration" name="test_calibrate_success_rescales_measurements" time="0.149" /><testcase classname="tests.backend_test.TestCalibration" name="test_calibrate_persists" time="0.098" /><testcase classname="tests.backend_test.TestCalibration" name="test_calibrate_zero_known_ft_422" time="0.047" /><testcase classname="tests.backend_test.TestCalibration" name="test_calibrate_negative_known_ft_422" time="0.046" /><testcase classname="tests.backend_test.TestCalibration" name="test_calibrate_bad_points_422" time="0.050" /><testcase classname="tests.backend_test.TestCalibration" name="test_calibrate_nonexistent_404" time="0.052" /></testsuite></testsuites>