<?xml version="1.0" encoding="utf-8"?><testsuites name="pytest tests"><testsuite name="pytest" errors="0" failures="0" skipped="0" tests="9" time="4.574" timestamp="2026-07-12T08:34:13.938880+00:00" hostname="agent-env-4d2e7cbb-0315-4833-9258-f167f7977b52"><testcase classname="tests.backend_test" name="test_health" time="0.234" /><testcase classname="tests.backend_test" name="test_list_analyses_includes_demo" time="0.051" /><testcase classname="tests.backend_test" name="test_get_demo_analysis_shape" time="0.042" /><testcase classname="tests.backend_test" name="test_get_demo_preview_png" time="0.043" /><testcase classname="tests.backend_test" name="test_get_demo_report_pdf" time="0.136" /><testcase classname="tests.backend_test" name="test_update_demo_analysis" time="0.141" /><testcase classname="tests.backend_test" name="test_analyze_unsupported_file_type" time="0.045" /><testcase classname="tests.backend_test" name="test_analyze_valid_png_expected_budget_error" time="3.355" /><testcase classname="tests.backend_test" name="test_delete_nonexistent_returns_404" time="0.042" /></testsuite></testsuites>